============================= test session starts =============================
platform win32 -- Python 3.14.4, pytest-9.0.3, pluggy-1.6.0 -- C:\Users\yizshachuck\source\ks-gen\.venv\Scripts\python.exe
cachedir: .pytest_cache
rootdir: C:\Users\yizshachuck\source\ks-gen
configfile: pyproject.toml
plugins: syrupy-5.3.1
collecting ... collected 16 items

tests/rules/test_ubuntu2404_container_host.py::test_container_host_rule_id_and_summary PASSED [  6%]
tests/rules/test_ubuntu2404_container_host.py::test_container_host_rule_does_not_apply_by_default PASSED [ 12%]
tests/rules/test_ubuntu2404_container_host.py::test_container_host_rule_applies_when_enabled PASSED [ 18%]
tests/rules/test_ubuntu2404_container_host.py::test_container_host_emit_packages_returns_ubuntu_podman_stack PASSED [ 25%]
tests/rules/test_ubuntu2404_container_host.py::test_container_host_emit_tailoring_is_empty PASSED [ 31%]
tests/rules/test_ubuntu2404_container_host.py::test_container_host_exception_entry_is_none PASSED [ 37%]
tests/rules/test_ubuntu2404_container_host.py::test_container_host_emit_post_drops_script_and_storage_conf PASSED [ 43%]
tests/rules/test_ubuntu2404_container_host.py::test_container_host_emit_post_empty_users_still_drops_script PASSED [ 50%]
tests/rules/test_ubuntu2404_container_host.py::test_container_host_emit_post_provisions_each_user PASSED [ 56%]
tests/rules/test_ubuntu2404_container_host.py::test_container_host_emit_post_handles_multiple_keys PASSED [ 62%]
tests/rules/test_ubuntu2404_container_host.py::test_container_host_emit_post_no_quadlet_scaffold PASSED [ 68%]
tests/rules/test_ubuntu2404_container_host.py::test_container_host_emit_post_drops_restorecon_calls PASSED [ 75%]
tests/rules/test_ubuntu2404_container_host.py::test_container_host_helper_script_drops_semanage_calls PASSED [ 81%]
tests/rules/test_ubuntu2404_container_host.py::test_container_host_helper_script_drops_restorecon_calls PASSED [ 87%]
tests/rules/test_ubuntu2404_container_host.py::test_container_host_helper_script_targets_ubuntu PASSED [ 93%]
tests/rules/test_ubuntu2404_container_host.py::test_container_host_rule_is_discoverable PASSED [100%]

============================= 16 passed in 0.05s ==============================
